0 info it worked if it ends with ok
1 verbose cli [ '/home/rashad/.nvm/versions/node/v4.1.2/bin/node',
1 verbose cli   '/home/rashad/.nvm/versions/node/v4.1.2/bin/npm',
1 verbose cli   'start' ]
2 info using npm@2.14.4
3 info using node@v4.1.2
4 verbose run-script [ 'prestart', 'start', 'poststart' ]
5 info prestart todo-app@0.0.0
6 info start todo-app@0.0.0
7 verbose unsafe-perm in lifecycle true
8 info todo-app@0.0.0 Failed to exec start script
9 verbose stack Error: todo-app@0.0.0 start: `concurrently --kill-others-on-fail "npm run server" "npm run client"`
9 verbose stack Exit status 1
9 verbose stack     at EventEmitter.<anonymous> (/home/rashad/.nvm/versions/node/v4.1.2/lib/node_modules/npm/lib/utils/lifecycle.js:214:16)
9 verbose stack     at emitTwo (events.js:87:13)
9 verbose stack     at EventEmitter.emit (events.js:172:7)
9 verbose stack     at ChildProcess.<anonymous> (/home/rashad/.nvm/versions/node/v4.1.2/lib/node_modules/npm/lib/utils/spawn.js:24:14)
9 verbose stack     at emitTwo (events.js:87:13)
9 verbose stack     at ChildProcess.emit (events.js:172:7)
9 verbose stack     at maybeClose (internal/child_process.js:818:16)
9 verbose stack     at Process.ChildProcess._handle.onexit (internal/child_process.js:211:5)
10 verbose pkgid todo-app@0.0.0
11 verbose cwd /home/rashad/Programming/git_repos/todo-app
12 error Linux 4.13.0-36-generic
13 error argv "/home/rashad/.nvm/versions/node/v4.1.2/bin/node" "/home/rashad/.nvm/versions/node/v4.1.2/bin/npm" "start"
14 error node v4.1.2
15 error npm  v2.14.4
16 error code ELIFECYCLE
17 error todo-app@0.0.0 start: `concurrently --kill-others-on-fail "npm run server" "npm run client"`
17 error Exit status 1
18 error Failed at the todo-app@0.0.0 start script 'concurrently --kill-others-on-fail "npm run server" "npm run client"'.
18 error This is most likely a problem with the todo-app package,
18 error not with npm itself.
18 error Tell the author that this fails on your system:
18 error     concurrently --kill-others-on-fail "npm run server" "npm run client"
18 error You can get their info via:
18 error     npm owner ls todo-app
18 error There is likely additional logging output above.
19 verbose exit [ 1, true ]
